app/seeds.txt
com.star.theBigDipper.ui.activity.MainActivity$initView$2
com.star.theBigDipper.util.GoDelegate$actionNotify$1
com.star.theBigDipper.ui.activity.OwnPoolActivity$initObserve$1
com.star.theBigDipper.model.TabWalletModel$applyFreeHop$1
com.star.theBigDipper.ui.activity.CreateAccountActivity$showPasswordDialog$1
com.star.theBigDipper.model.MainModel$syncSubPoolsData$2
com.star.theBigDipper.ui.activity.RechargePacketsActivity$initObserve$4$1
com.star.theBigDipper.viewmodel.SplashVM
com.star.theBigDipper.model.OwnPoolModel$getPacketsByPool$1
com.star.theBigDipper.model.CreateAccountModel$importImtokenPrivateKey$1
com.star.theBigDipper.model.MineMachineListModel$ping$2
com.star.theBigDipper.viewmodel.MainNetAddressQRCodeVM
com.star.theBigDipper.viewmodel.TabPacketsMarketVM
com.star.theBigDipper.model.RechargeModel$buyPacket$1
com.star.theBigDipper.ui.activity.WebActivity$initView$4
com.star.theBigDipper.model.InitServiceModel$initService$1
com.star.theBigDipper.ui.activity.SplashActivity$initObserve$1
com.star.theBigDipper.viewmodel.TransactionVM$getTransactions$1
com.star.theBigDipper.model.RechargeModel$openWallet$1
com.star.theBigDipper.model.CreateAccountModel$importWallet$1
com.star.theBigDipper.ui.activity.MinePoolListActivity$Companion
com.star.theBigDipper.ui.activity.MinePoolListActivity$initObserve$1
com.star.theBigDipper.model.RechargeModel$approve$1
com.star.theBigDipper.widget.navigator.BottomNavigatorView$OnBottomNavigatorViewItemClickListener
com.star.theBigDipper.ui.activity.MineMachineListActivity$initObserve$1
com.star.theBigDipper.ui.activity.WebActivity$initView$2
com.star.theBigDipper.model.TabHomeModel$getPool$1
com.star.theBigDipper.viewmodel.TabWalletVM$applyFreeEth$1
com.star.theBigDipper.util.AccountUtils
com.star.theBigDipper.model.RechargeModel$getBytesPerToken$1
com.star.theBigDipper.widget.navigator.FragmentNavigator
com.star.theBigDipper.viewmodel.TabWalletVM$exportAccount$1
com.star.theBigDipper.service.SysConf
com.star.theBigDipper.ui.activity.RechargePacketsActivity$initObserve$2
com.star.theBigDipper.ui.activity.SplashActivity$initData$2
com.star.theBigDipper.model.CreateAccountModel$createAccount$1
com.star.theBigDipper.model.OwnPoolModel$getPoolDataOfUser$1
com.star.theBigDipper.ui.activity.RechargePacketsActivity$initObserve$3$1
com.star.theBigDipper.ui.activity.TransactionActivity
com.star.theBigDipper.room.DataBaseManager$deleteTransaction$1
com.star.theBigDipper.model.SplashModel$loadWallet$2
com.star.theBigDipper.model.RechargeModel
com.star.theBigDipper.ui.activity.MainActivity$Companion
com.star.theBigDipper.ui.activity.RechargePacketsActivity
com.star.theBigDipper.widget.navigator.FragmentNavigatorAdapter
com.star.theBigDipper.ui.activity.MainActivity$initObserve$1
com.star.theBigDipper.service.HopService
com.star.theBigDipper.widget.navigator.FragmentNavigator$Companion
com.star.theBigDipper.model.TransactionModel$getTransactions$2
com.star.theBigDipper.ui.activity.MainActivity$showGuide$1
com.star.theBigDipper.ui.fragement.TabWalletFragment
com.star.theBigDipper.base.WaitTxBaseModel$getTransactionStatus$2
com.star.theBigDipper.ui.fragement.TabPacketsMarketFragment
com.star.theBigDipper.model.MineMachineListModel$getMineMachine$1
com.star.theBigDipper.ui.activity.RechargePacketsActivity$initObserve$3
com.star.theBigDipper.ui.activity.MainNetAddressQRCodeActivity$initObserve$1
com.star.theBigDipper.ui.activity.WebActivity$initView$1
com.star.theBigDipper.model.TransactionModel
com.star.theBigDipper.ui.activity.WebActivity$initView$3
com.star.theBigDipper.ui.activity.CreateAccountActivity$showImportImtokenPrivateKeyDialog$1
com.star.theBigDipper.model.TabPacketsMarketModel
com.star.theBigDipper.ui.activity.MineMachineListActivity$initObserve$2
com.star.theBigDipper.model.MineMachineListModel$getMineMachine$1$type$1
com.star.theBigDipper.model.RechargeModel$syncPool$1
com.star.theBigDipper.viewmodel.MainVM
com.star.theBigDipper.util.Utils
...
androidx.recyclerview.widget.RecyclerView: void setEdgeEffectFactory(androidx.recyclerview.widget.RecyclerView$EdgeEffectFactory)
androidx.renderscript.ScriptGroup$Builder2: boolean seperateArgsAndBindings(java.lang.Object[],java.util.ArrayList,java.util.Map)
com.journeyapps.barcodescanner.BarcodeView: void setDecoderFactory(com.journeyapps.barcodescanner.DecoderFactory)
com.nbs.android.lib.base.BaseActivity: void initObserve()
kotlin.jvm.internal.PropertyReference: int hashCode()
com.tencent.bugly.BuglyStrategy: void setReplaceOldChannel(boolean)
com.google.gson.reflect.TypeToken: boolean typeEquals(java.lang.reflect.ParameterizedType,java.lang.reflect.ParameterizedType,java.util.Map)
com.google.android.material.bottomnavigation.BottomNavigationMenuView: android.content.res.ColorStateList getItemTextColor()
com.google.android.material.circularreveal.coordinatorlayout.CircularRevealCoordinatorLayout: void setCircularRevealOverlayDrawable(android.graphics.drawable.Drawable)
androidx.appcompat.app.AppCompatActivity: android.content.res.Resources getResources()
androidx.renderscript.FieldPacker: void addMatrix(androidx.renderscript.Matrix4f)
androidx.core.view.WindowInsetsCompat$Impl: androidx.core.view.DisplayCutoutCompat getDisplayCutout()
com.google.android.material.appbar.HeaderBehavior: HeaderBehavior(android.content.Context,android.util.AttributeSet)
androidx.renderscript.Allocation: void validateBitmapSize(android.graphics.Bitmap)
com.kongzue.dialog.util.view.MaterialTouchView: void setOnTouchListener(android.view.View$OnTouchListener)
androidx.appcompat.widget.SearchView$SearchAutoComplete: SearchView$SearchAutoComplete(android.content.Context)
com.google.gson.stream.JsonReader: java.io.IOException syntaxError(java.lang.String)
androidx.appcompat.widget.SwitchCompat: void setSwitchTextAppearance(android.content.Context,int)
androidx.fragment.app.FragmentActivity: void startActivityFromFragment(androidx.fragment.app.Fragment,android.content.Intent,int,android.os.Bundle)
androidx.appcompat.widget.ViewStubCompat: void setLayoutInflater(android.view.LayoutInflater)
kotlin.collections.EmptySet: boolean add(java.lang.Void)
androidx.coordinatorlayout.widget.CoordinatorLayout: void setFitsSystemWindows(boolean)
androidx.renderscript.FieldPacker: boolean subBoolean()
androidx.renderscript.BaseObj: android.renderscript.BaseObj getNObj()
kotlin.SynchronizedLazyImpl: SynchronizedLazyImpl(kotlin.jvm.functions.Function0,java.lang.Object)
androidx.appcompat.widget.AppCompatRadioButton: android.content.res.ColorStateList getSupportButtonTintList()
androidx.fragment.app.FragmentActivity: boolean markState(androidx.fragment.app.FragmentManager,androidx.lifecycle.Lifecycle$State)
com.google.android.material.chip.ChipGroup: void setDividerDrawableVertical(android.graphics.drawable.Drawable)
com.google.android.material.textfield.TextInputLayout: void setPasswordVisibilityToggleDrawable(android.graphics.drawable.Drawable)
com.google.gson.internal.LinkedTreeMap: java.lang.Object remove(java.lang.Object)
androidx.constraintlayout.solver.widgets.analyzer.DependencyNode$Type: androidx.constraintlayout.solver.widgets.analyzer.DependencyNode$Type valueOf(java.lang.String)
com.google.android.material.textfield.TextInputLayout: void setPasswordVisibilityToggleTintMode(android.graphics.PorterDuff$Mode)
androidx.databinding.ObservableArrayList: boolean remove(java.lang.Object)
androidx.core.widget.NestedScrollView: NestedScrollView(android.content.Context,android.util.AttributeSet,int)
com.tencent.bugly.proguard.ao: void a(com.tencent.bugly.proguard.i)
kotlin.collections.EmptyMap: java.util.Collection values()
androidx.constraintlayout.widget.VirtualLayout: void setVisibility(int)
androidx.renderscript.ScriptIntrinsicBLAS: void DTBMV(int,int,int,int,androidx.renderscript.Allocation,androidx.renderscript.Allocation,int)
androidx.appcompat.widget.AppCompatTextView: androidx.core.text.PrecomputedTextCompat$Params getTextMetricsParamsCompat()