app/mapping.txt
# compiler: R8
# compiler_version: 3.1.51
# min_api: 23
# pg_map_id: 61fb9c1
# common_typos_disable
# {"id":"com.android.tools.r8.mapping","version":"1.0"}
com.star.theBigDipper.DataBinderMapperImpl -> com.star.theBigDipper.DataBinderMapperImpl:
    android.util.SparseIntArray INTERNAL_LAYOUT_ID_LOOKUP -> a
    java.util.List collectDependencies() -> a
    java.lang.String convertBrIdToString(int) -> b
    androidx.databinding.ViewDataBinding getDataBinder(androidx.databinding.DataBindingComponent,android.view.View,int) -> c
    androidx.databinding.ViewDataBinding getDataBinder(androidx.databinding.DataBindingComponent,android.view.View[],int) -> d
com.star.theBigDipper.DataBinderMapperImpl$InnerBrLookup -> com.star.theBigDipper.DataBinderMapperImpl$a:
    android.util.SparseArray sKeys -> a
com.star.theBigDipper.HopApplication -> com.star.theBigDipper.HopApplication:
    com.star.theBigDipper.HopApplication$Companion Companion -> j
    boolean isRunning -> g
    boolean initServiceSuccess -> h
    kotlin.properties.ReadWriteProperty instance$delegate -> i
    kotlin.properties.ReadWriteProperty access$getInstance$cp() -> a
    boolean getInitServiceSuccess() -> b
    boolean isRunning() -> c
    void setInitServiceSuccess(boolean) -> d
    void setRunning(boolean) -> e
com.star.theBigDipper.HopApplication$Companion -> com.star.theBigDipper.HopApplication$a:
    kotlin.reflect.KProperty[] $$delegatedProperties -> a
    com.star.theBigDipper.HopApplication getInstance() -> a
    void setInstance(com.star.theBigDipper.HopApplication) -> b
com.star.theBigDipper.HopApplication$onCreate$1 -> com.star.theBigDipper.HopApplication$b:
    com.star.theBigDipper.HopApplication$onCreate$1 INSTANCE -> a
com.star.theBigDipper.R$id -> n3.a:
com.star.theBigDipper.R$styleable -> n3.b:
com.star.theBigDipper.base.WaitTxBaseModel$waitMinedTransactionStatus$1 -> com.star.theBigDipper.base.WaitTxBaseModel$a:
    java.lang.String $tx -> a
com.star.theBigDipper.callback.AlertDialogOkCallBack -> o3.a:
com.star.theBigDipper.databinding.ActivityCreateAccountBinding -> p3.a:
    android.widget.ImageView backIv -> F
    com.star.theBigDipper.viewmodel.CreateAccountVM mViewModel -> O
    android.widget.Button importBtn -> K
    android.widget.EditText confirmPasswordEt -> G
    android.widget.Button createBtn -> J
    android.widget.EditText passwordEt -> M
    com.google.android.material.textfield.TextInputLayout passwordTl -> N
    android.widget.TextView createAccountTv -> I
    com.google.android.material.textfield.TextInputLayout confirmPasswordTl -> H
    android.widget.TextView orTv -> L
com.star.theBigDipper.databinding.ActivityCreateAccountBindingImpl -> p3.b:
    android.util.SparseIntArray sViewsWithIds -> U
    androidx.databinding.ViewDataBinding$IncludedLayouts sIncludes -> T
    androidx.databinding.InverseBindingListener confirmPasswordEtandroidTextAttrChanged -> Q
    androidx.constraintlayout.widget.ConstraintLayout mboundView0 -> P
    androidx.databinding.InverseBindingListener passwordEtandroidTextAttrChanged -> R
    long mDirtyFlags -> S
    boolean setVariable(int,java.lang.Object) -> G
    boolean onChangeViewModelConfirmPassword(androidx.databinding.ObservableField,int) -> M
    boolean onChangeViewModelPassword(androidx.databinding.ObservableField,int) -> N
    void setViewModel(com.star.theBigDipper.viewmodel.CreateAccountVM) -> O
    void executeBindings() -> i
    boolean hasPendingBindings() -> s
    void invalidateAll() -> t
    boolean onFieldChange(int,java.lang.Object,int) -> x
com.star.theBigDipper.databinding.ActivityCreateAccountBindingImpl$1 -> p3.b$a:
    com.star.theBigDipper.databinding.ActivityCreateAccountBindingImpl this$0 -> a
    void onChange() -> a
com.star.theBigDipper.databinding.ActivityCreateAccountBindingImpl$2 -> p3.b$b:
    com.star.theBigDipper.databinding.ActivityCreateAccountBindingImpl this$0 -> a
    void onChange() -> a
...
com.journeyapps.barcodescanner.camera.CameraInstance$4 -> c3.b$c:
    com.journeyapps.barcodescanner.camera.CameraInstance this$0 -> e
com.journeyapps.barcodescanner.camera.CameraInstance$5 -> c3.b$d:
    com.journeyapps.barcodescanner.camera.CameraInstance this$0 -> e
com.journeyapps.barcodescanner.camera.CameraInstance$6 -> c3.b$e:
    com.journeyapps.barcodescanner.camera.CameraInstance this$0 -> e
com.journeyapps.barcodescanner.camera.CameraInstance$7 -> c3.b$f:
    com.journeyapps.barcodescanner.camera.CameraInstance this$0 -> e
com.journeyapps.barcodescanner.camera.CameraManager -> com.journeyapps.barcodescanner.camera.a:
    java.lang.String defaultParameters -> f
    com.journeyapps.barcodescanner.camera.DisplayConfiguration displayConfiguration -> h
    com.journeyapps.barcodescanner.camera.CameraSettings settings -> g
    int rotationDegrees -> k
    com.google.zxing.client.android.AmbientLightManager ambientLightManager -> d
    com.journeyapps.barcodescanner.camera.AutoFocusManager autoFocusManager -> c
    java.lang.String TAG -> n
    android.hardware.Camera$CameraInfo cameraInfo -> b
    com.journeyapps.barcodescanner.camera.CameraManager$CameraPreviewCallback cameraPreviewCallback -> m
    android.content.Context context -> l
    android.hardware.Camera camera -> a
    boolean previewing -> e
    com.journeyapps.barcodescanner.Size previewSize -> j
    com.journeyapps.barcodescanner.Size requestedPreviewSize -> i
    java.lang.String access$000() -> a
    int calculateDisplayRotation() -> b
    void close() -> c
    void configure() -> d
    int getCameraRotation() -> e
    android.hardware.Camera$Parameters getDefaultCameraParameters() -> f
    com.journeyapps.barcodescanner.Size getPreviewSize() -> g
    java.util.List getPreviewSizes(android.hardware.Camera$Parameters) -> h
    boolean isCameraRotated() -> i
    boolean isTorchOn() -> j
    void open() -> k
    void requestPreviewFrame(com.journeyapps.barcodescanner.camera.PreviewCallback) -> l
com.journeyapps.barcodescanner.camera.CameraManager$CameraPreviewCallback -> com.journeyapps.barcodescanner.camera.a$a:
    com.journeyapps.barcodescanner.Size resolution -> b
    com.journeyapps.barcodescanner.camera.PreviewCallback callback -> a
    com.journeyapps.barcodescanner.camera.CameraManager this$0 -> c
    void setCallback(com.journeyapps.barcodescanner.camera.PreviewCallback) -> a
    void setResolution(com.journeyapps.barcodescanner.Size) -> b
com.journeyapps.barcodescanner.camera.CameraSettings -> com.journeyapps.barcodescanner.camera.CameraSettings:
    boolean autoFocusEnabled -> e
    boolean continuousFocusEnabled -> f
    boolean exposureEnabled -> g
    com.journeyapps.barcodescanner.camera.CameraSettings$FocusMode focusMode -> i
    boolean autoTorchEnabled -> h
    boolean scanInverted -> b
    boolean barcodeSceneModeEnabled -> c
    int requestedCameraId -> a
    boolean meteringEnabled -> d
    com.journeyapps.barcodescanner.camera.CameraSettings$FocusMode getFocusMode() -> a
    int getRequestedCameraId() -> b
    boolean isAutoFocusEnabled() -> c
    boolean isAutoTorchEnabled() -> d
    boolean isBarcodeSceneModeEnabled() -> e
    boolean isExposureEnabled() -> f
    boolean isMeteringEnabled() -> g
    boolean isScanInverted() -> h
    void setRequestedCameraId(int) -> i
com.journeyapps.barcodescanner.camera.CameraSettings$FocusMode -> com.journeyapps.barcodescanner.camera.CameraSettings$FocusMode:
    com.journeyapps.barcodescanner.camera.CameraSettings$FocusMode[] $VALUES -> e
com.journeyapps.barcodescanner.camera.CameraSurface -> c3.c:
    android.graphics.SurfaceTexture surfaceTexture -> b
    android.view.SurfaceHolder surfaceHolder -> a
    void setPreview(android.hardware.Camera) -> a