app/unused.txt
com.star.theBigDipper.BR
com.star.theBigDipper.BuildConfig
com.star.theBigDipper.DataBinderMapperImpl$InnerBrLookup:
    private void <init>()
com.star.theBigDipper.DataBinderMapperImpl$InnerLayoutIdLookup
com.star.theBigDipper.DataBinderMapperImpl:
    private static final int LAYOUT_ACTIVITYCREATEACCOUNT
    private static final int LAYOUT_ACTIVITYGUIDE
    private static final int LAYOUT_ACTIVITYMAIN
    private static final int LAYOUT_ACTIVITYMAINNETADDRESSQRCODE
    private static final int LAYOUT_ACTIVITYMINEMACHINE
    private static final int LAYOUT_ACTIVITYMINEPOOL
    private static final int LAYOUT_ACTIVITYOWNPOOL
    private static final int LAYOUT_ACTIVITYRECHARGEPACKETS
    private static final int LAYOUT_ACTIVITYSPLASH
    private static final int LAYOUT_ACTIVITYTRANSACTION
    private static final int LAYOUT_ACTIVITYWEB
    private static final int LAYOUT_FRAGMENTHOME
    private static final int LAYOUT_FRAGMENTPACKETSMARKET
    private static final int LAYOUT_FRAGMENTWALLET
    private static final int LAYOUT_ITEMMARKETPOOL
    private static final int LAYOUT_ITEMMINEMACHINE
    private static final int LAYOUT_ITEMMINEPOOL
    private static final int LAYOUT_ITEMOWN
    private static final int LAYOUT_ITEMTRANSACTION
    private static final int LAYOUT_LAYOUTEMPTY
    private static final int LAYOUT_LAYOUTTITLE
    public int getLayoutId(java.lang.String)
com.star.theBigDipper.DataBindingTriggerClass
com.star.theBigDipper.HopApplication:
    private static final java.lang.String TAG
    public static final synthetic void access$setInstance$cp(kotlin.properties.ReadWriteProperty)
com.star.theBigDipper.IntentKey
com.star.theBigDipper.PirateException
com.star.theBigDipper.R$anim
com.star.theBigDipper.R$animator
com.star.theBigDipper.R$attr
com.star.theBigDipper.R$bool
com.star.theBigDipper.R$color
com.star.theBigDipper.R$dimen
com.star.theBigDipper.R$drawable
com.star.theBigDipper.R$id:
    private void <init>()
com.star.theBigDipper.R$integer
com.star.theBigDipper.R$interpolator
com.star.theBigDipper.R$layout
com.star.theBigDipper.R$mipmap
com.star.theBigDipper.R$raw
com.star.theBigDipper.R$string
com.star.theBigDipper.R$style
com.star.theBigDipper.R$styleable:
    private void <init>()
com.star.theBigDipper.R$xml
com.star.theBigDipper.R
com.star.theBigDipper.databinding.ActivityCreateAccountBinding:
    public static com.star.theBigDipper.databinding.ActivityCreateAccountBinding bind(android.view.View)
    public static com.star.theBigDipper.databinding.ActivityCreateAccountBinding bind(android.view.View,java.lang.Object)
    public com.star.theBigDipper.viewmodel.CreateAccountVM getViewModel()
    public static com.star.theBigDipper.databinding.ActivityCreateAccountBinding inflate(android.view.LayoutInflater)
    public static com.star.theBigDipper.databinding.ActivityCreateAccountBinding inflate(android.view.LayoutInflater,android.view.ViewGroup,boolean)
    public static com.star.theBigDipper.databinding.ActivityCreateAccountBinding inflate(android.view.LayoutInflater,android.view.ViewGroup,boolean,java.lang.Object)
    public static com.star.theBigDipper.databinding.ActivityCreateAccountBinding inflate(android.view.LayoutInflater,java.lang.Object)
    public abstract void setViewModel(com.star.theBigDipper.viewmodel.CreateAccountVM)
...
io.reactivex.rxjava3.internal.operators.single.SingleResumeNext$ResumeMainSingleObserver
io.reactivex.rxjava3.internal.operators.single.SingleResumeNext
io.reactivex.rxjava3.internal.operators.single.SingleTakeUntil$TakeUntilMainObserver
io.reactivex.rxjava3.internal.operators.single.SingleTakeUntil$TakeUntilOtherSubscriber
io.reactivex.rxjava3.internal.operators.single.SingleTakeUntil
io.reactivex.rxjava3.internal.operators.single.SingleTimeInterval$TimeIntervalSingleObserver
io.reactivex.rxjava3.internal.operators.single.SingleTimeInterval
io.reactivex.rxjava3.internal.operators.single.SingleTimer$TimerDisposable
io.reactivex.rxjava3.internal.operators.single.SingleTimer
io.reactivex.rxjava3.internal.operators.single.SingleToFlowable$SingleToFlowableObserver
io.reactivex.rxjava3.internal.operators.single.SingleToFlowable
io.reactivex.rxjava3.internal.operators.single.SingleToObservable$SingleToObservableObserver
io.reactivex.rxjava3.internal.operators.single.SingleToObservable
io.reactivex.rxjava3.internal.operators.single.SingleUnsubscribeOn$UnsubscribeOnSingleObserver
io.reactivex.rxjava3.internal.operators.single.SingleUnsubscribeOn
io.reactivex.rxjava3.internal.operators.single.SingleUsing$UsingSingleObserver
io.reactivex.rxjava3.internal.operators.single.SingleUsing
io.reactivex.rxjava3.internal.operators.single.SingleZipArray$SingletonArrayFunc
io.reactivex.rxjava3.internal.operators.single.SingleZipArray$ZipCoordinator
io.reactivex.rxjava3.internal.operators.single.SingleZipArray$ZipSingleObserver
io.reactivex.rxjava3.internal.operators.single.SingleZipArray
io.reactivex.rxjava3.internal.operators.single.SingleZipIterable$SingletonArrayFunc
io.reactivex.rxjava3.internal.operators.single.SingleZipIterable
io.reactivex.rxjava3.internal.queue.MpscLinkedQueue$LinkedQueueNode
io.reactivex.rxjava3.internal.queue.MpscLinkedQueue
io.reactivex.rxjava3.internal.queue.SpscLinkedArrayQueue:
    private java.lang.Object newBufferPeek(java.util.concurrent.atomic.AtomicReferenceArray,long,int)
    public boolean offer(java.lang.Object,java.lang.Object)
    public java.lang.Object peek()
    public int size()
io.reactivex.rxjava3.internal.schedulers.ComputationScheduler$EventLoopWorker:
    public boolean isDisposed()
io.reactivex.rxjava3.internal.schedulers.ComputationScheduler$FixedSchedulerPool:
    public void createWorkers(int,io.reactivex.rxjava3.internal.schedulers.SchedulerMultiWorkerSupport$WorkerCallback)
io.reactivex.rxjava3.internal.schedulers.ComputationScheduler:
    private static final java.lang.String KEY_COMPUTATION_PRIORITY
    static final java.lang.String KEY_MAX_THREADS
    private static final java.lang.String THREAD_NAME_PREFIX
    public void createWorkers(int,io.reactivex.rxjava3.internal.schedulers.SchedulerMultiWorkerSupport$WorkerCallback)
    public io.reactivex.rxjava3.disposables.Disposable schedulePeriodicallyDirect(java.lang.Runnable,long,long,java.util.concurrent.TimeUnit)
    public void shutdown()
io.reactivex.rxjava3.internal.schedulers.DisposeOnCancel
io.reactivex.rxjava3.internal.schedulers.ExecutorScheduler$DelayedDispose
io.reactivex.rxjava3.internal.schedulers.ExecutorScheduler$DelayedRunnable
io.reactivex.rxjava3.internal.schedulers.ExecutorScheduler$ExecutorWorker$BooleanRunnable
io.reactivex.rxjava3.internal.schedulers.ExecutorScheduler$ExecutorWorker$InterruptibleRunnable
io.reactivex.rxjava3.internal.schedulers.ExecutorScheduler$ExecutorWorker$SequentialDispose
io.reactivex.rxjava3.internal.schedulers.ExecutorScheduler$ExecutorWorker
io.reactivex.rxjava3.internal.schedulers.ExecutorScheduler
io.reactivex.rxjava3.internal.schedulers.ImmediateThinScheduler$ImmediateThinWorker
io.reactivex.rxjava3.internal.schedulers.ImmediateThinScheduler
io.reactivex.rxjava3.internal.schedulers.InstantPeriodicTask
io.reactivex.rxjava3.internal.schedulers.IoScheduler$EventLoopWorker:
    public boolean isDisposed()